<testsuites id="" name="" tests="170" failures="0" skipped="170" errors="0" time="0.05051299999999992">
<testsuite name="smoke.spec.ts" timestamp="2026-03-05T02:09:58.900Z" hostname="smoke" tests="4" failures="0" skipped="4" time="0" errors="0">
<testcase name="Smoke Tests @smoke › homepage loads successfully" classname="smoke.spec.ts" time="0">
<skipped>
</skipped>
</testcase>
<testcase name="Smoke Tests @smoke › can navigate to notebooks page" classname="smoke.spec.ts" time="0">
<skipped>
</skipped>
</testcase>
<testcase name="Smoke Tests @smoke › API health check passes" classname="smoke.spec.ts" time="0">
<skipped>
</skipped>
</testcase>
<testcase name="Smoke Tests @smoke › can list notebooks via API" classname="smoke.spec.ts" time="0">
<skipped>
</skipped>
</testcase>
</testsuite>
<testsuite name="specs\smoke-walker.spec.ts" timestamp="2026-03-05T02:09:58.900Z" hostname="smoke" tests="24" failures="0" skipped="24" time="0" errors="0">
<testcase name="Route Walker @smoke › route / loads without JS errors" classname="specs\smoke-walker.spec.ts" time="0">
<skipped>
</skipped>
</testcase>
<testcase name="Route Walker @smoke › route /notebooks loads without JS errors" classname="specs\smoke-walker.spec.ts" time="0">
<skipped>
</skipped>
</testcase>
<testcase name="Route Walker @smoke › route /sources loads without JS errors" classname="specs\smoke-walker.spec.ts" time="0">
<skipped>
</skipped>
</testcase>
<testcase name="Route Walker @smoke › route /documents loads without JS errors" classname="specs\smoke-walker.spec.ts" time="0">
<skipped>
</skipped>
</testcase>
<testcase name="Route Walker @smoke › route /acm loads without JS errors" classname="specs\smoke-walker.spec.ts" time="0">
<skipped>
</skipped>
</testcase>
<testcase name="Route Walker @smoke › route /search loads without JS errors" classname="specs\smoke-walker.spec.ts" time="0">
<skipped>
</skipped>
</testcase>
<testcase name="Route Walker @smoke › route /settings loads without JS errors" classname="specs\smoke-walker.spec.ts" time="0">
<skipped>
</skipped>
</testcase>
<testcase name="Route Walker @smoke › route /settings/models loads without JS errors" classname="specs\smoke-walker.spec.ts" time="0">
<skipped>
</skipped>
</testcase>
<testcase name="Route Walker @smoke › route /settings/field-mapping loads without JS errors" classname="specs\smoke-walker.spec.ts" time="0">
<skipped>
</skipped>
</testcase>
<testcase name="Route Walker @smoke › route /settings/field-schema loads without JS errors" classname="specs\smoke-walker.spec.ts" time="0">
<skipped>
</skipped>
</testcase>
<testcase name="Route Walker @smoke › route /settings/extraction loads without JS errors" classname="specs\smoke-walker.spec.ts" time="0">
<skipped>
</skipped>
</testcase>
<testcase name="Route Walker @smoke › route /settings/processing loads without JS errors" classname="specs\smoke-walker.spec.ts" time="0">
<skipped>
</skipped>
</testcase>
<testcase name="Route Walker @smoke › route /settings/bar-templates loads without JS errors" classname="specs\smoke-walker.spec.ts" time="0">
<skipped>
</skipped>
</testcase>
<testcase name="Route Walker @smoke › route /settings/parsers loads without JS errors" classname="specs\smoke-walker.spec.ts" time="0">
<skipped>
</skipped>
</testcase>
<testcase name="Route Walker @smoke › route /upload loads without JS errors" classname="specs\smoke-walker.spec.ts" time="0">
<skipped>
</skipped>
</testcase>
<testcase name="Route Walker @smoke › route /jobs loads without JS errors" classname="specs\smoke-walker.spec.ts" time="0">
<skipped>
</skipped>
</testcase>
<testcase name="Route Walker @smoke › route /extraction-monitor loads without JS errors" classname="specs\smoke-walker.spec.ts" time="0">
<skipped>
</skipped>
</testcase>
<testcase name="Route Walker @smoke › route /models loads without JS errors" classname="specs\smoke-walker.spec.ts" time="0">
<skipped>
</skipped>
</testcase>
<testcase name="Route Walker @smoke › route /podcasts loads without JS errors" classname="specs\smoke-walker.spec.ts" time="0">
<skipped>
</skipped>
</testcase>
<testcase name="Route Walker @smoke › route /transformations loads without JS errors" classname="specs\smoke-walker.spec.ts" time="0">
<skipped>
</skipped>
</testcase>
<testcase name="Route Walker @smoke › route /advanced loads without JS errors" classname="specs\smoke-walker.spec.ts" time="0">
<skipped>
</skipped>
</testcase>
<testcase name="Route Walker @smoke › route /test-grid loads without JS errors" classname="specs\smoke-walker.spec.ts" time="0">
<skipped>
</skipped>
</testcase>
<testcase name="Route Walker @smoke › route /landing loads without JS errors" classname="specs\smoke-walker.spec.ts" time="0">
<skipped>
</skipped>
</testcase>
<testcase name="Route Walker @smoke › route /login loads without JS errors" classname="specs\smoke-walker.spec.ts" time="0">
<skipped>
</skipped>
</testcase>
</testsuite>
<testsuite name="specs\jobs-pipeline.spec.ts" timestamp="2026-03-05T02:09:58.900Z" hostname="critical" tests="3" failures="0" skipped="3" time="0" errors="0">
<testcase name="Jobs Pipeline @critical › jobs page loads and shows list" classname="specs\jobs-pipeline.spec.ts" time="0">
<skipped>
</skipped>
</testcase>
<testcase name="Jobs Pipeline @critical › jobs page is accessible without JS errors" classname="specs\jobs-pipeline.spec.ts" time="0">
<skipped>
</skipped>
</testcase>
<testcase name="Jobs Pipeline @critical › sources/documents page loads" classname="specs\jobs-pipeline.spec.ts" time="0">
<skipped>
</skipped>
</testcase>
</testsuite>
<testsuite name="specs\upload-wizard.spec.ts" timestamp="2026-03-05T02:09:58.900Z" hostname="critical" tests="3" failures="0" skipped="3" time="0" errors="0">
<testcase name="Upload Wizard @critical › upload page loads" classname="specs\upload-wizard.spec.ts" time="0">
<skipped>
</skipped>
</testcase>
<testcase name="Upload Wizard @critical › upload page has file input" classname="specs\upload-wizard.spec.ts" time="0">
<skipped>
</skipped>
</testcase>
<testcase name="Upload Wizard @critical › upload form has submit/upload action" classname="specs\upload-wizard.spec.ts" time="0">
<skipped>
</skipped>
</testcase>
</testsuite>
<testsuite name="specs\building-detail.spec.ts" timestamp="2026-03-05T02:09:58.900Z" hostname="feature" tests="4" failures="0" skipped="4" time="0" errors="0">
<testcase name="Building Detail Page @feature › page loads at /source/:id" classname="specs\building-detail.spec.ts" time="0">
<skipped>
</skipped>
</testcase>
<testcase name="Building Detail Page @feature › building sidebar shows building names" classname="specs\building-detail.spec.ts" time="0">
<skipped>
</skipped>
</testcase>
<testcase name="Building Detail Page @feature › clicking a building loads the item grid" classname="specs\building-detail.spec.ts" time="0">
<skipped>
</skipped>
</testcase>
<testcase name="Building Detail Page @feature › item grid shows record data after building selection" classname="specs\building-detail.spec.ts" time="0">
<skipped>
</skipped>
</testcase>
</testsuite>
<testsuite name="specs\settings-pages.spec.ts" timestamp="2026-03-05T02:09:58.900Z" hostname="feature" tests="9" failures="0" skipped="9" time="0" errors="0">
<testcase name="Settings Pages @feature › Main Settings page (/settings) loads without errors" classname="specs\settings-pages.spec.ts" time="0">
<skipped>
</skipped>
</testcase>
<testcase name="Settings Pages @feature › Models page (/settings/models) loads without errors" classname="specs\settings-pages.spec.ts" time="0">
<skipped>
</skipped>
</testcase>
<testcase name="Settings Pages @feature › Field Mapping page (/settings/field-mapping) loads without errors" classname="specs\settings-pages.spec.ts" time="0">
<skipped>
</skipped>
</testcase>
<testcase name="Settings Pages @feature › Field Schema page (/settings/field-schema) loads without errors" classname="specs\settings-pages.spec.ts" time="0">
<skipped>
</skipped>
</testcase>
<testcase name="Settings Pages @feature › Extraction page (/settings/extraction) loads without errors" classname="specs\settings-pages.spec.ts" time="0">
<skipped>
</skipped>
</testcase>
<testcase name="Settings Pages @feature › Processing page (/settings/processing) loads without errors" classname="specs\settings-pages.spec.ts" time="0">
<skipped>
</skipped>
</testcase>
<testcase name="Settings Pages @feature › BAR Templates page (/settings/bar-templates) loads without errors" classname="specs\settings-pages.spec.ts" time="0">
<skipped>
</skipped>
</testcase>
<testcase name="Settings Pages @feature › Parsers page (/settings/parsers) loads without errors" classname="specs\settings-pages.spec.ts" time="0">
<skipped>
</skipped>
</testcase>
<testcase name="Settings Pages @feature › settings page has navigation links" classname="specs\settings-pages.spec.ts" time="0">
<skipped>
</skipped>
</testcase>
</testsuite>
<testsuite name="specs\accessibility.spec.ts" timestamp="2026-03-05T02:09:58.900Z" hostname="accessibility" tests="9" failures="0" skipped="9" time="0" errors="0">
<testcase name="Accessibility Audits @a11y › Homepage (/) has no critical a11y violations" classname="specs\accessibility.spec.ts" time="0">
<skipped>
</skipped>
</testcase>
<testcase name="Accessibility Audits @a11y › Documents (/documents) has no critical a11y violations" classname="specs\accessibility.spec.ts" time="0">
<skipped>
</skipped>
</testcase>
<testcase name="Accessibility Audits @a11y › Sources (/sources) has no critical a11y violations" classname="specs\accessibility.spec.ts" time="0">
<skipped>
</skipped>
</testcase>
<testcase name="Accessibility Audits @a11y › Search (/search) has no critical a11y violations" classname="specs\accessibility.spec.ts" time="0">
<skipped>
</skipped>
</testcase>
<testcase name="Accessibility Audits @a11y › Settings (/settings) has no critical a11y violations" classname="specs\accessibility.spec.ts" time="0">
<skipped>
</skipped>
</testcase>
<testcase name="Accessibility Audits @a11y › Upload (/upload) has no critical a11y violations" classname="specs\accessibility.spec.ts" time="0">
<skipped>
</skipped>
</testcase>
<testcase name="Accessibility Audits @a11y › Jobs (/jobs) has no critical a11y violations" classname="specs\accessibility.spec.ts" time="0">
<skipped>
</skipped>
</testcase>
<testcase name="Accessibility Audits @a11y › Notebooks (/notebooks) has no critical a11y violations" classname="specs\accessibility.spec.ts" time="0">
<skipped>
</skipped>
</testcase>
<testcase name="Accessibility Audits @a11y › audit report summary" classname="specs\accessibility.spec.ts" time="0">
<skipped>
</skipped>
</testcase>
</testsuite>
<testsuite name="acm-extraction.spec.ts" timestamp="2026-03-05T02:09:58.900Z" hostname="chromium" tests="10" failures="0" skipped="10" time="0" errors="0">
<testcase name="ACM Extraction Pipeline @acm-extraction › extracts all records from Broadmeadows SAMP with 95%+ accuracy" classname="acm-extraction.spec.ts" time="0">
<skipped>
</skipped>
</testcase>
<testcase name="ACM Extraction Pipeline @acm-extraction › correctly identifies negative ACM results" classname="acm-extraction.spec.ts" time="0">
<skipped>
</skipped>
</testcase>
<testcase name="ACM Extraction Pipeline @acm-extraction › handles merged cells in SAMP tables correctly" classname="acm-extraction.spec.ts" time="0">
<skipped>
</skipped>
</testcase>
<testcase name="ACM Extraction Pipeline @acm-extraction › stitches multi-page ACM tables correctly" classname="acm-extraction.spec.ts" time="0">
<skipped>
</skipped>
</testcase>
<testcase name="ACM Extraction Pipeline @acm-extraction › extracts all compliance fields completely" classname="acm-extraction.spec.ts" time="0">
<skipped>
</skipped>
</testcase>
<testcase name="ACM Extraction Pipeline @acm-extraction › extracts BAR compliance fields from SAMP documents" classname="acm-extraction.spec.ts" time="0">
<skipped>
</skipped>
</testcase>
<testcase name="ACM Extraction Pipeline @acm-extraction › exports ACM records as CSV successfully" classname="acm-extraction.spec.ts" time="0">
<skipped>
</skipped>
</testcase>
<testcase name="ACM Extraction Pipeline @acm-extraction › exports ACM records as Excel successfully" classname="acm-extraction.spec.ts" time="0">
<skipped>
</skipped>
</testcase>
<testcase name="ACM Extraction Pipeline @acm-extraction › handles extraction errors gracefully" classname="acm-extraction.spec.ts" time="0">
<skipped>
</skipped>
</testcase>
<testcase name="ACM Extraction Pipeline @acm-extraction › establishes extraction baseline for Alexander District Hospital SAMP" classname="acm-extraction.spec.ts" time="0">
<properties>
<property name="skip" value="">
</property>
</properties>
<skipped>
</skipped>
</testcase>
</testsuite>
<testsuite name="e33-s2-source-acm-view.spec.ts" timestamp="2026-03-05T02:09:58.900Z" hostname="chromium" tests="19" failures="0" skipped="19" time="0" errors="0">
<testcase name="E33-S2: Source ACM Two-Panel View @e33-s2 › AC11 — page loads at /source/:id without JS errors" classname="e33-s2-source-acm-view.spec.ts" time="0">
<skipped>
</skipped>
</testcase>
<testcase name="E33-S2: Source ACM Two-Panel View @e33-s2 › AC11 — URL is singular /source/:id, distinct from /sources/:id" classname="e33-s2-source-acm-view.spec.ts" time="0">
<skipped>
</skipped>
</testcase>
<testcase name="E33-S2: Source ACM Two-Panel View @e33-s2 › AC1 — sidebar displays building name, internal_id, and validation badge" classname="e33-s2-source-acm-view.spec.ts" time="0">
<skipped>
</skipped>
</testcase>
<testcase name="E33-S2: Source ACM Two-Panel View @e33-s2 › AC1 — incomplete badge shown when only name or address present" classname="e33-s2-source-acm-view.spec.ts" time="0">
<skipped>
</skipped>
</testcase>
<testcase name="E33-S2: Source ACM Two-Panel View @e33-s2 › AC2 — clicking a building renders the item grid" classname="e33-s2-source-acm-view.spec.ts" time="0">
<skipped>
</skipped>
</testcase>
<testcase name="E33-S2: Source ACM Two-Panel View @e33-s2 › AC3 — column headers come from SF field schema labels" classname="e33-s2-source-acm-view.spec.ts" time="0">
<skipped>
</skipped>
</testcase>
<testcase name="E33-S2: Source ACM Two-Panel View @e33-s2 › AC4 — sidebar shows building metadata detail after selection" classname="e33-s2-source-acm-view.spec.ts" time="0">
<skipped>
</skipped>
</testcase>
<testcase name="E33-S2: Source ACM Two-Panel View @e33-s2 › AC5 — grid rows display ACM record data" classname="e33-s2-source-acm-view.spec.ts" time="0">
<skipped>
</skipped>
</testcase>
<testcase name="E33-S2: Source ACM Two-Panel View @e33-s2 › AC6 — quick filter reduces visible grid records" classname="e33-s2-source-acm-view.spec.ts" time="0">
<skipped>
</skipped>
</testcase>
<testcase name="E33-S2: Source ACM Two-Panel View @e33-s2 › AC7 — &quot;Group by Room&quot; toggle button exists in toolbar" classname="e33-s2-source-acm-view.spec.ts" time="0">
<skipped>
</skipped>
</testcase>
<testcase name="E33-S2: Source ACM Two-Panel View @e33-s2 › AC7 — toggling &quot;Group by Room&quot; changes button state" classname="e33-s2-source-acm-view.spec.ts" time="0">
<skipped>
</skipped>
</testcase>
<testcase name="E33-S2: Source ACM Two-Panel View @e33-s2 › AC8 — High risk status cell has red color classes" classname="e33-s2-source-acm-view.spec.ts" time="0">
<skipped>
</skipped>
</testcase>
<testcase name="E33-S2: Source ACM Two-Panel View @e33-s2 › AC8 — Low risk status cell has green color classes" classname="e33-s2-source-acm-view.spec.ts" time="0">
<skipped>
</skipped>
</testcase>
<testcase name="E33-S2: Source ACM Two-Panel View @e33-s2 › AC9 — grid renders with pinned columns visible after page load" classname="e33-s2-source-acm-view.spec.ts" time="0">
<skipped>
</skipped>
</testcase>
<testcase name="E33-S2: Source ACM Two-Panel View @e33-s2 › AC10 — selected building remains after grid interaction" classname="e33-s2-source-acm-view.spec.ts" time="0">
<skipped>
</skipped>
</testcase>
<testcase name="E33-S2: Source ACM Two-Panel View @e33-s2 › AC13 — empty state shows &quot;No buildings extracted yet&quot; message" classname="e33-s2-source-acm-view.spec.ts" time="0">
<skipped>
</skipped>
</testcase>
<testcase name="E33-S2: Source ACM Two-Panel View @e33-s2 › AC13 — &quot;Go to Extraction&quot; link has correct href" classname="e33-s2-source-acm-view.spec.ts" time="0">
<skipped>
</skipped>
</testcase>
<testcase name="E33-S2: Source ACM Two-Panel View @e33-s2 › record count bar shows total record count" classname="e33-s2-source-acm-view.spec.ts" time="0">
<skipped>
</skipped>
</testcase>
<testcase name="E33-S2: Source ACM Two-Panel View @e33-s2 › keyboard hints bar is displayed below the grid" classname="e33-s2-source-acm-view.spec.ts" time="0">
<skipped>
</skipped>
</testcase>
</testsuite>
<testsuite name="notebooks.spec.ts" timestamp="2026-03-05T02:09:58.900Z" hostname="chromium" tests="3" failures="0" skipped="3" time="0" errors="0">
<testcase name="Notebook Management › can create a new notebook" classname="notebooks.spec.ts" time="0">
<skipped>
</skipped>
</testcase>
<testcase name="Notebook Management › can view notebook details" classname="notebooks.spec.ts" time="0">
<skipped>
</skipped>
</testcase>
<testcase name="Notebook Management › can see notebooks list" classname="notebooks.spec.ts" time="0">
<skipped>
</skipped>
</testcase>
</testsuite>
<testsuite name="smart-chat.spec.ts" timestamp="2026-03-05T02:09:58.900Z" hostname="chromium" tests="11" failures="0" skipped="11" time="0" errors="0">
<testcase name="Smart Chat Interactions @smart-chat › sends message and receives response" classname="smart-chat.spec.ts" time="0">
<skipped>
</skipped>
</testcase>
<testcase name="Smart Chat Interactions @smart-chat › executes ACM-specific tool calls successfully" classname="smart-chat.spec.ts" time="0">
<skipped>
</skipped>
</testcase>
<testcase name="Smart Chat Interactions @smart-chat › switches between chat modes seamlessly" classname="smart-chat.spec.ts" time="0">
<skipped>
</skipped>
</testcase>
<testcase name="Smart Chat Interactions @smart-chat › handles chat errors gracefully" classname="smart-chat.spec.ts" time="0">
<skipped>
</skipped>
</testcase>
<testcase name="Smart Chat Interactions @smart-chat › streams responses progressively" classname="smart-chat.spec.ts" time="0">
<skipped>
</skipped>
</testcase>
<testcase name="Smart Chat Interactions @smart-chat › queries ACM statistics successfully" classname="smart-chat.spec.ts" time="0">
<skipped>
</skipped>
</testcase>
<testcase name="Smart Chat Interactions @smart-chat › searches ACM records successfully" classname="smart-chat.spec.ts" time="0">
<skipped>
</skipped>
</testcase>
<testcase name="Smart Chat Interactions @smart-chat › switches context from chat to grid navigation" classname="smart-chat.spec.ts" time="0">
<skipped>
</skipped>
</testcase>
<testcase name="Smart Chat Interactions @smart-chat › clears chat history successfully" classname="smart-chat.spec.ts" time="0">
<skipped>
</skipped>
</testcase>
<testcase name="Smart Chat Interactions @smart-chat › maintains chat context across multiple messages" classname="smart-chat.spec.ts" time="0">
<skipped>
</skipped>
</testcase>
<testcase name="Smart Chat Interactions @smart-chat › handles concurrent tool calls gracefully" classname="smart-chat.spec.ts" time="0">
<skipped>
</skipped>
</testcase>
</testsuite>
<testsuite name="smoke.spec.ts" timestamp="2026-03-05T02:09:58.900Z" hostname="chromium" tests="4" failures="0" skipped="4" time="0" errors="0">
<testcase name="Smoke Tests @smoke › homepage loads successfully" classname="smoke.spec.ts" time="0">
<skipped>
</skipped>
</testcase>
<testcase name="Smoke Tests @smoke › can navigate to notebooks page" classname="smoke.spec.ts" time="0">
<skipped>
</skipped>
</testcase>
<testcase name="Smoke Tests @smoke › API health check passes" classname="smoke.spec.ts" time="0">
<skipped>
</skipped>
</testcase>
<testcase name="Smoke Tests @smoke › can list notebooks via API" classname="smoke.spec.ts" time="0">
<skipped>
</skipped>
</testcase>
</testsuite>
<testsuite name="sources.spec.ts" timestamp="2026-03-05T02:09:58.900Z" hostname="chromium" tests="3" failures="0" skipped="3" time="0" errors="0">
<testcase name="Source Management › sources page loads" classname="sources.spec.ts" time="0">
<skipped>
</skipped>
</testcase>
<testcase name="Source Management › can navigate to source detail" classname="sources.spec.ts" time="0">
<skipped>
</skipped>
</testcase>
<testcase name="Source Management › upload button is accessible" classname="sources.spec.ts" time="0">
<skipped>
</skipped>
</testcase>
</testsuite>
<testsuite name="specs\accessibility.spec.ts" timestamp="2026-03-05T02:09:58.900Z" hostname="chromium" tests="9" failures="0" skipped="9" time="0" errors="0">
<testcase name="Accessibility Audits @a11y › Homepage (/) has no critical a11y violations" classname="specs\accessibility.spec.ts" time="0">
<skipped>
</skipped>
</testcase>
<testcase name="Accessibility Audits @a11y › Documents (/documents) has no critical a11y violations" classname="specs\accessibility.spec.ts" time="0">
<skipped>
</skipped>
</testcase>
<testcase name="Accessibility Audits @a11y › Sources (/sources) has no critical a11y violations" classname="specs\accessibility.spec.ts" time="0">
<skipped>
</skipped>
</testcase>
<testcase name="Accessibility Audits @a11y › Search (/search) has no critical a11y violations" classname="specs\accessibility.spec.ts" time="0">
<skipped>
</skipped>
</testcase>
<testcase name="Accessibility Audits @a11y › Settings (/settings) has no critical a11y violations" classname="specs\accessibility.spec.ts" time="0">
<skipped>
</skipped>
</testcase>
<testcase name="Accessibility Audits @a11y › Upload (/upload) has no critical a11y violations" classname="specs\accessibility.spec.ts" time="0">
<skipped>
</skipped>
</testcase>
<testcase name="Accessibility Audits @a11y › Jobs (/jobs) has no critical a11y violations" classname="specs\accessibility.spec.ts" time="0">
<skipped>
</skipped>
</testcase>
<testcase name="Accessibility Audits @a11y › Notebooks (/notebooks) has no critical a11y violations" classname="specs\accessibility.spec.ts" time="0">
<skipped>
</skipped>
</testcase>
<testcase name="Accessibility Audits @a11y › audit report summary" classname="specs\accessibility.spec.ts" time="0">
<skipped>
</skipped>
</testcase>
</testsuite>
<testsuite name="specs\api-contracts.spec.ts" timestamp="2026-03-05T02:09:58.900Z" hostname="chromium" tests="7" failures="0" skipped="7" time="0" errors="0">
<testcase name="API Contract Validation @smoke @api-contracts › GET /api/health returns valid response" classname="specs\api-contracts.spec.ts" time="0">
<skipped>
</skipped>
</testcase>
<testcase name="API Contract Validation @smoke @api-contracts › GET /api/notebooks/ returns array with expected fields" classname="specs\api-contracts.spec.ts" time="0">
<skipped>
</skipped>
</testcase>
<testcase name="API Contract Validation @smoke @api-contracts › GET /api/sources/ returns array with expected fields" classname="specs\api-contracts.spec.ts" time="0">
<skipped>
</skipped>
</testcase>
<testcase name="API Contract Validation @smoke @api-contracts › GET /api/models/ returns array with expected fields" classname="specs\api-contracts.spec.ts" time="0">
<skipped>
</skipped>
</testcase>
<testcase name="API Contract Validation @smoke @api-contracts › GET /api/models/defaults returns object with model fields" classname="specs\api-contracts.spec.ts" time="0">
<skipped>
</skipped>
</testcase>
<testcase name="API Contract Validation @smoke @api-contracts › GET /api/acm/field-schema returns schema config" classname="specs\api-contracts.spec.ts" time="0">
<skipped>
</skipped>
</testcase>
<testcase name="API Contract Validation @smoke @api-contracts › GET /api/settings returns settings object" classname="specs\api-contracts.spec.ts" time="0">
<skipped>
</skipped>
</testcase>
</testsuite>
<testsuite name="specs\building-detail.spec.ts" timestamp="2026-03-05T02:09:58.900Z" hostname="chromium" tests="4" failures="0" skipped="4" time="0" errors="0">
<testcase name="Building Detail Page @feature › page loads at /source/:id" classname="specs\building-detail.spec.ts" time="0">
<skipped>
</skipped>
</testcase>
<testcase name="Building Detail Page @feature › building sidebar shows building names" classname="specs\building-detail.spec.ts" time="0">
<skipped>
</skipped>
</testcase>
<testcase name="Building Detail Page @feature › clicking a building loads the item grid" classname="specs\building-detail.spec.ts" time="0">
<skipped>
</skipped>
</testcase>
<testcase name="Building Detail Page @feature › item grid shows record data after building selection" classname="specs\building-detail.spec.ts" time="0">
<skipped>
</skipped>
</testcase>
</testsuite>
<testsuite name="specs\jobs-pipeline.spec.ts" timestamp="2026-03-05T02:09:58.900Z" hostname="chromium" tests="3" failures="0" skipped="3" time="0" errors="0">
<testcase name="Jobs Pipeline @critical › jobs page loads and shows list" classname="specs\jobs-pipeline.spec.ts" time="0">
<skipped>
</skipped>
</testcase>
<testcase name="Jobs Pipeline @critical › jobs page is accessible without JS errors" classname="specs\jobs-pipeline.spec.ts" time="0">
<skipped>
</skipped>
</testcase>
<testcase name="Jobs Pipeline @critical › sources/documents page loads" classname="specs\jobs-pipeline.spec.ts" time="0">
<skipped>
</skipped>
</testcase>
</testsuite>
<testsuite name="specs\settings-pages.spec.ts" timestamp="2026-03-05T02:09:58.900Z" hostname="chromium" tests="9" failures="0" skipped="9" time="0" errors="0">
<testcase name="Settings Pages @feature › Main Settings page (/settings) loads without errors" classname="specs\settings-pages.spec.ts" time="0">
<skipped>
</skipped>
</testcase>
<testcase name="Settings Pages @feature › Models page (/settings/models) loads without errors" classname="specs\settings-pages.spec.ts" time="0">
<skipped>
</skipped>
</testcase>
<testcase name="Settings Pages @feature › Field Mapping page (/settings/field-mapping) loads without errors" classname="specs\settings-pages.spec.ts" time="0">
<skipped>
</skipped>
</testcase>
<testcase name="Settings Pages @feature › Field Schema page (/settings/field-schema) loads without errors" classname="specs\settings-pages.spec.ts" time="0">
<skipped>
</skipped>
</testcase>
<testcase name="Settings Pages @feature › Extraction page (/settings/extraction) loads without errors" classname="specs\settings-pages.spec.ts" time="0">
<skipped>
</skipped>
</testcase>
<testcase name="Settings Pages @feature › Processing page (/settings/processing) loads without errors" classname="specs\settings-pages.spec.ts" time="0">
<skipped>
</skipped>
</testcase>
<testcase name="Settings Pages @feature › BAR Templates page (/settings/bar-templates) loads without errors" classname="specs\settings-pages.spec.ts" time="0">
<skipped>
</skipped>
</testcase>
<testcase name="Settings Pages @feature › Parsers page (/settings/parsers) loads without errors" classname="specs\settings-pages.spec.ts" time="0">
<skipped>
</skipped>
</testcase>
<testcase name="Settings Pages @feature › settings page has navigation links" classname="specs\settings-pages.spec.ts" time="0">
<skipped>
</skipped>
</testcase>
</testsuite>
<testsuite name="specs\smoke-walker.spec.ts" timestamp="2026-03-05T02:09:58.900Z" hostname="chromium" tests="24" failures="0" skipped="24" time="0" errors="0">
<testcase name="Route Walker @smoke › route / loads without JS errors" classname="specs\smoke-walker.spec.ts" time="0">
<skipped>
</skipped>
</testcase>
<testcase name="Route Walker @smoke › route /notebooks loads without JS errors" classname="specs\smoke-walker.spec.ts" time="0">
<skipped>
</skipped>
</testcase>
<testcase name="Route Walker @smoke › route /sources loads without JS errors" classname="specs\smoke-walker.spec.ts" time="0">
<skipped>
</skipped>
</testcase>
<testcase name="Route Walker @smoke › route /documents loads without JS errors" classname="specs\smoke-walker.spec.ts" time="0">
<skipped>
</skipped>
</testcase>
<testcase name="Route Walker @smoke › route /acm loads without JS errors" classname="specs\smoke-walker.spec.ts" time="0">
<skipped>
</skipped>
</testcase>
<testcase name="Route Walker @smoke › route /search loads without JS errors" classname="specs\smoke-walker.spec.ts" time="0">
<skipped>
</skipped>
</testcase>
<testcase name="Route Walker @smoke › route /settings loads without JS errors" classname="specs\smoke-walker.spec.ts" time="0">
<skipped>
</skipped>
</testcase>
<testcase name="Route Walker @smoke › route /settings/models loads without JS errors" classname="specs\smoke-walker.spec.ts" time="0">
<skipped>
</skipped>
</testcase>
<testcase name="Route Walker @smoke › route /settings/field-mapping loads without JS errors" classname="specs\smoke-walker.spec.ts" time="0">
<skipped>
</skipped>
</testcase>
<testcase name="Route Walker @smoke › route /settings/field-schema loads without JS errors" classname="specs\smoke-walker.spec.ts" time="0">
<skipped>
</skipped>
</testcase>
<testcase name="Route Walker @smoke › route /settings/extraction loads without JS errors" classname="specs\smoke-walker.spec.ts" time="0">
<skipped>
</skipped>
</testcase>
<testcase name="Route Walker @smoke › route /settings/processing loads without JS errors" classname="specs\smoke-walker.spec.ts" time="0">
<skipped>
</skipped>
</testcase>
<testcase name="Route Walker @smoke › route /settings/bar-templates loads without JS errors" classname="specs\smoke-walker.spec.ts" time="0">
<skipped>
</skipped>
</testcase>
<testcase name="Route Walker @smoke › route /settings/parsers loads without JS errors" classname="specs\smoke-walker.spec.ts" time="0">
<skipped>
</skipped>
</testcase>
<testcase name="Route Walker @smoke › route /upload loads without JS errors" classname="specs\smoke-walker.spec.ts" time="0">
<skipped>
</skipped>
</testcase>
<testcase name="Route Walker @smoke › route /jobs loads without JS errors" classname="specs\smoke-walker.spec.ts" time="0">
<skipped>
</skipped>
</testcase>
<testcase name="Route Walker @smoke › route /extraction-monitor loads without JS errors" classname="specs\smoke-walker.spec.ts" time="0">
<skipped>
</skipped>
</testcase>
<testcase name="Route Walker @smoke › route /models loads without JS errors" classname="specs\smoke-walker.spec.ts" time="0">
<skipped>
</skipped>
</testcase>
<testcase name="Route Walker @smoke › route /podcasts loads without JS errors" classname="specs\smoke-walker.spec.ts" time="0">
<skipped>
</skipped>
</testcase>
<testcase name="Route Walker @smoke › route /transformations loads without JS errors" classname="specs\smoke-walker.spec.ts" time="0">
<skipped>
</skipped>
</testcase>
<testcase name="Route Walker @smoke › route /advanced loads without JS errors" classname="specs\smoke-walker.spec.ts" time="0">
<skipped>
</skipped>
</testcase>
<testcase name="Route Walker @smoke › route /test-grid loads without JS errors" classname="specs\smoke-walker.spec.ts" time="0">
<skipped>
</skipped>
</testcase>
<testcase name="Route Walker @smoke › route /landing loads without JS errors" classname="specs\smoke-walker.spec.ts" time="0">
<skipped>
</skipped>
</testcase>
<testcase name="Route Walker @smoke › route /login loads without JS errors" classname="specs\smoke-walker.spec.ts" time="0">
<skipped>
</skipped>
</testcase>
</testsuite>
<testsuite name="specs\upload-wizard.spec.ts" timestamp="2026-03-05T02:09:58.900Z" hostname="chromium" tests="3" failures="0" skipped="3" time="0" errors="0">
<testcase name="Upload Wizard @critical › upload page loads" classname="specs\upload-wizard.spec.ts" time="0">
<skipped>
</skipped>
</testcase>
<testcase name="Upload Wizard @critical › upload page has file input" classname="specs\upload-wizard.spec.ts" time="0">
<skipped>
</skipped>
</testcase>
<testcase name="Upload Wizard @critical › upload form has submit/upload action" classname="specs\upload-wizard.spec.ts" time="0">
<skipped>
</skipped>
</testcase>
</testsuite>
<testsuite name="user-journeys.spec.ts" timestamp="2026-03-05T02:09:58.900Z" hostname="chromium" tests="5" failures="0" skipped="5" time="0" errors="0">
<testcase name="End-to-End User Journeys @user-journeys › Journey 1: New user creates notebook, uploads SAMP, views data, asks questions, and exports" classname="user-journeys.spec.ts" time="0">
<skipped>
</skipped>
</testcase>
<testcase name="End-to-End User Journeys @user-journeys › Journey 2: Power user compares multiple SAMPs, filters data, and exports consolidated report" classname="user-journeys.spec.ts" time="0">
<skipped>
</skipped>
</testcase>
<testcase name="End-to-End User Journeys @user-journeys › Journey 3: QA analyst validates extraction quality, identifies issues, and flags problems" classname="user-journeys.spec.ts" time="0">
<skipped>
</skipped>
</testcase>
<testcase name="End-to-End User Journeys @user-journeys › Journey 4: Collaborative workflow - Multiple users working on same project" classname="user-journeys.spec.ts" time="0">
<skipped>
</skipped>
</testcase>
<testcase name="End-to-End User Journeys @user-journeys › Journey 5: Mobile user workflow - View ACM data on mobile device" classname="user-journeys.spec.ts" time="0">
<skipped>
</skipped>
</testcase>
</testsuite>
</testsuites>